[debug] [2026-03-11T14:52:50.605Z] ----------------------------------------------------------------------
[debug] [2026-03-11T14:52:50.610Z] Command:       C:\nvm4w\nodejs\node.exe C:\nvm4w\nodejs\node_modules\firebase-tools\lib\bin\firebase.js init functions
[debug] [2026-03-11T14:52:50.610Z] CLI Version:   15.9.0
[debug] [2026-03-11T14:52:50.610Z] Platform:      win32
[debug] [2026-03-11T14:52:50.610Z] Node Version:  v22.20.0
[debug] [2026-03-11T14:52:50.611Z] Time:          Wed Mar 11 2026 11:52:50 GMT-0300 (Horário Padrão de Brasília)
[debug] [2026-03-11T14:52:50.611Z] ----------------------------------------------------------------------
[debug] 
[debug] [2026-03-11T14:52:50.614Z] >>> [apiv2][query] GET https://firebase-public.firebaseio.com/cli.json [none]
[info] 
     ######## #### ########  ######## ########     ###     ######  ########
     ##        ##  ##     ## ##       ##     ##  ##   ##  ##       ##
     ######    ##  ########  ######   ########  #########  ######  ######
     ##        ##  ##    ##  ##       ##     ## ##     ##       ## ##
     ##       #### ##     ## ######## ########  ##     ##  ######  ########

You're about to initialize a Firebase project in this directory:

  C:\Desenvolvimento\Projetos\emergency-alert-poc\firebase

Before we get started, keep in mind:

  * You are currently outside your home directory
  * You are initializing within an existing Firebase project directory

[debug] [2026-03-11T14:52:54.350Z] <<< [apiv2][status] GET https://firebase-public.firebaseio.com/cli.json 200
[debug] [2026-03-11T14:52:54.350Z] <<< [apiv2][body] GET https://firebase-public.firebaseio.com/cli.json {"cloudBuildErrorAfter":1594252800000,"cloudBuildWarnAfter":1590019200000,"defaultNode10After":1594252800000,"minVersion":"3.0.5","node8DeploysDisabledAfter":1613390400000,"node8RuntimeDisabledAfter":1615809600000,"node8WarnAfter":1600128000000}
[info] 
=== Project Setup
[info] 
[info] First, let's associate this project directory with a Firebase project.
[info] You can create multiple project aliases by running firebase use --add, 
[info] 
[debug] [2026-03-11T14:53:07.246Z] > command requires scopes: ["email","openid","https://www.googleapis.com/auth/cloudplatformprojects.readonly","https://www.googleapis.com/auth/firebase","https://www.googleapis.com/auth/cloud-platform"]
[debug] [2026-03-11T14:53:07.247Z] > authorizing via signed-in user (brenoly.dev@gmail.com)
[debug] [2026-03-11T14:53:07.248Z] Checked if tokens are valid: false, expires at: 1772898531216
[debug] [2026-03-11T14:53:07.248Z] Checked if tokens are valid: false, expires at: 1772898531216
[debug] [2026-03-11T14:53:07.248Z] > refreshing access token with scopes: []
[debug] [2026-03-11T14:53:07.250Z] >>> [apiv2][query] POST https://www.googleapis.com/oauth2/v3/token [none]
[debug] [2026-03-11T14:53:07.250Z] >>> [apiv2][body] POST https://www.googleapis.com/oauth2/v3/token [omitted]
[debug] [2026-03-11T14:53:07.526Z] <<< [apiv2][status] POST https://www.googleapis.com/oauth2/v3/token 200
[debug] [2026-03-11T14:53:07.526Z] <<< [apiv2][body] POST https://www.googleapis.com/oauth2/v3/token [omitted]
[debug] [2026-03-11T14:53:07.536Z] >>> [apiv2][query] GET https://firebase.googleapis.com/v1beta1/projects pageSize=100
[debug] [2026-03-11T14:53:08.466Z] <<< [apiv2][status] GET https://firebase.googleapis.com/v1beta1/projects 200
[debug] [2026-03-11T14:53:08.467Z] <<< [apiv2][body] GET https://firebase.googleapis.com/v1beta1/projects [omitted]
[info] 
=== Functions Setup
[debug] [2026-03-11T14:53:20.500Z] > command requires scopes: ["email","openid","https://www.googleapis.com/auth/cloudplatformprojects.readonly","https://www.googleapis.com/auth/firebase","https://www.googleapis.com/auth/cloud-platform"]
[debug] [2026-03-11T14:53:20.500Z] > authorizing via signed-in user (brenoly.dev@gmail.com)
[debug] [2026-03-11T14:53:20.500Z] [iam] checking project emergency-alert-poc for permissions ["firebase.projects.get"]
[debug] [2026-03-11T14:53:20.501Z] Checked if tokens are valid: true, expires at: 1773244386526
[debug] [2026-03-11T14:53:20.501Z] Checked if tokens are valid: true, expires at: 1773244386526
[debug] [2026-03-11T14:53:20.501Z] >>> [apiv2][query] POST https://cloudresourcemanager.googleapis.com/v1/projects/emergency-alert-poc:testIamPermissions [none]
[debug] [2026-03-11T14:53:20.501Z] >>> [apiv2][(partial)header] POST https://cloudresourcemanager.googleapis.com/v1/projects/emergency-alert-poc:testIamPermissions  x-goog-user-project=emergency-alert-poc
[debug] [2026-03-11T14:53:20.501Z] >>> [apiv2][body] POST https://cloudresourcemanager.googleapis.com/v1/projects/emergency-alert-poc:testIamPermissions {"permissions":["firebase.projects.get"]}
[debug] [2026-03-11T14:53:21.541Z] <<< [apiv2][status] POST https://cloudresourcemanager.googleapis.com/v1/projects/emergency-alert-poc:testIamPermissions 200
[debug] [2026-03-11T14:53:21.541Z] <<< [apiv2][body] POST https://cloudresourcemanager.googleapis.com/v1/projects/emergency-alert-poc:testIamPermissions {"permissions":["firebase.projects.get"]}
[debug] [2026-03-11T14:53:21.542Z] Checked if tokens are valid: true, expires at: 1773244386526
[debug] [2026-03-11T14:53:21.542Z] Checked if tokens are valid: true, expires at: 1773244386526
[debug] [2026-03-11T14:53:21.542Z] Checked if tokens are valid: true, expires at: 1773244386526
[debug] [2026-03-11T14:53:21.542Z] Checked if tokens are valid: true, expires at: 1773244386526
[debug] [2026-03-11T14:53:21.543Z] >>> [apiv2][query] GET https://serviceusage.googleapis.com/v1/projects/emergency-alert-poc/services/cloudfunctions.googleapis.com [none]
[debug] [2026-03-11T14:53:21.543Z] >>> [apiv2][(partial)header] GET https://serviceusage.googleapis.com/v1/projects/emergency-alert-poc/services/cloudfunctions.googleapis.com  x-goog-user-project=emergency-alert-poc
[debug] [2026-03-11T14:53:21.545Z] >>> [apiv2][query] GET https://serviceusage.googleapis.com/v1/projects/emergency-alert-poc/services/runtimeconfig.googleapis.com [none]
[debug] [2026-03-11T14:53:21.545Z] >>> [apiv2][(partial)header] GET https://serviceusage.googleapis.com/v1/projects/emergency-alert-poc/services/runtimeconfig.googleapis.com  x-goog-user-project=emergency-alert-poc
[debug] [2026-03-11T14:53:22.777Z] <<< [apiv2][status] GET https://serviceusage.googleapis.com/v1/projects/emergency-alert-poc/services/cloudfunctions.googleapis.com 200
[debug] [2026-03-11T14:53:22.777Z] <<< [apiv2][body] GET https://serviceusage.googleapis.com/v1/projects/emergency-alert-poc/services/cloudfunctions.googleapis.com [omitted]
[debug] [2026-03-11T14:53:22.777Z] Checked if tokens are valid: true, expires at: 1773244386526
[debug] [2026-03-11T14:53:22.778Z] Checked if tokens are valid: true, expires at: 1773244386526
[debug] [2026-03-11T14:53:22.778Z] >>> [apiv2][query] POST https://serviceusage.googleapis.com/v1/projects/emergency-alert-poc/services/cloudfunctions.googleapis.com:enable [none]
[debug] [2026-03-11T14:53:22.778Z] >>> [apiv2][(partial)header] POST https://serviceusage.googleapis.com/v1/projects/emergency-alert-poc/services/cloudfunctions.googleapis.com:enable  x-goog-user-project=emergency-alert-poc
[debug] [2026-03-11T14:53:22.838Z] <<< [apiv2][status] GET https://serviceusage.googleapis.com/v1/projects/emergency-alert-poc/services/runtimeconfig.googleapis.com 200
[debug] [2026-03-11T14:53:22.838Z] <<< [apiv2][body] GET https://serviceusage.googleapis.com/v1/projects/emergency-alert-poc/services/runtimeconfig.googleapis.com [omitted]
[debug] [2026-03-11T14:53:24.110Z] <<< [apiv2][status] POST https://serviceusage.googleapis.com/v1/projects/emergency-alert-poc/services/cloudfunctions.googleapis.com:enable 200
[debug] [2026-03-11T14:53:24.110Z] <<< [apiv2][body] POST https://serviceusage.googleapis.com/v1/projects/emergency-alert-poc/services/cloudfunctions.googleapis.com:enable [omitted]
[info] 
Detected existing codebase(s): default

[info] Let's create a new codebase for your functions.
[info] A directory corresponding to the codebase will be created in your project
[info] with sample code pre-configured.

[info] See https://firebase.google.com/docs/functions/organize-functions for
[info] more information on organizing your functions using codebases.

[info] Functions can be deployed with firebase deploy.

[debug] [2026-03-11T14:55:00.248Z] ExitPromptError: User force closed the prompt with SIGINT
    at Interface.sigint (C:\Users\Brenoly\AppData\Local\nvm\v22.20.0\node_modules\firebase-tools\node_modules\@inquirer\core\dist\commonjs\lib\create-prompt.js:101:37)
    at Interface.emit (node:events:519:28)
    at [_ttyWrite] [as _ttyWrite] (node:internal/readline/interface:1128:18)
    at ReadStream.onkeypress (node:internal/readline/interface:271:20)
    at ReadStream.emit (node:events:531:35)
    at emitKeys (node:internal/readline/utils:370:14)
    at emitKeys.next (<anonymous>)
    at ReadStream.onData (node:internal/readline/emitKeypressEvents:64:36)
    at ReadStream.emit (node:events:519:28)
    at addChunk (node:internal/streams/readable:561:12)
[error] 
[error] Error: An unexpected error has occurred.
